<?xml version="1.0" encoding="UTF-8"?>
<testsuite xmlns:xsi="http://www.w3.org/2001/XMLSchema-instance" xsi:noNamespaceSchemaLocation="https://maven.apache.org/surefire/maven-surefire-plugin/xsd/surefire-test-report-3.0.xsd" version="3.0" name="com.baeldung.springcloudgateway.webfilters.WebFilterFactoriesLiveTest" time="0.569" tests="2" errors="0" skipped="0" failures="2">
  <properties>
    <property name="java.specification.version" value="17"/>
    <property name="sun.jnu.encoding" value="UTF-8"/>
    <property name="java.class.path" value="/Users/vinodkumarm/Documents/Technologies/Spring/spring-cloud-concepts/target/test-classes:/Users/vinodkumarm/Documents/Technologies/Spring/spring-cloud-concepts/target/classes:/Users/vinodkumarm/.m2/repository/org/springframework/boot/spring-boot-starter-actuator/3.2.2/spring-boot-starter-actuator-3.2.2.jar:/Users/vinodkumarm/.m2/repository/org/springframework/boot/spring-boot-actuator-autoconfigure/3.2.2/spring-boot-actuator-autoconfigure-3.2.2.jar:/Users/vinodkumarm/.m2/repository/org/springframework/boot/spring-boot-actuator/3.2.2/spring-boot-actuator-3.2.2.jar:/Users/vinodkumarm/.m2/repository/com/fasterxml/jackson/datatype/jackson-datatype-jsr310/2.15.3/jackson-datatype-jsr310-2.15.3.jar:/Users/vinodkumarm/.m2/repository/io/micrometer/micrometer-observation/1.12.2/micrometer-observation-1.12.2.jar:/Users/vinodkumarm/.m2/repository/io/micrometer/micrometer-commons/1.12.2/micrometer-commons-1.12.2.jar:/Users/vinodkumarm/.m2/repository/io/micrometer/micrometer-jakarta9/1.12.2/micrometer-jakarta9-1.12.2.jar:/Users/vinodkumarm/.m2/repository/org/springframework/cloud/spring-cloud-starter-circuitbreaker-reactor-resilience4j/3.1.0/spring-cloud-starter-circuitbreaker-reactor-resilience4j-3.1.0.jar:/Users/vinodkumarm/.m2/repository/org/springframework/cloud/spring-cloud-starter/4.1.0/spring-cloud-starter-4.1.0.jar:/Users/vinodkumarm/.m2/repository/org/springframework/cloud/spring-cloud-context/4.1.0/spring-cloud-context-4.1.0.jar:/Users/vinodkumarm/.m2/repository/org/springframework/cloud/spring-cloud-commons/4.1.0/spring-cloud-commons-4.1.0.jar:/Users/vinodkumarm/.m2/repository/org/springframework/security/spring-security-rsa/1.1.1/spring-security-rsa-1.1.1.jar:/Users/vinodkumarm/.m2/repository/org/bouncycastle/bcprov-jdk18on/1.74/bcprov-jdk18on-1.74.jar:/Users/vinodkumarm/.m2/repository/org/springframework/cloud/spring-cloud-circuitbreaker-resilience4j/3.1.0/spring-cloud-circuitbreaker-resilience4j-3.1.0.jar:/Users/vinodkumarm/.m2/repository/io/github/resilience4j/resilience4j-spring-boot3/2.1.0/resilience4j-spring-boot3-2.1.0.jar:/Users/vinodkumarm/.m2/repository/io/github/resilience4j/resilience4j-spring6/2.1.0/resilience4j-spring6-2.1.0.jar:/Users/vinodkumarm/.m2/repository/io/github/resilience4j/resilience4j-annotations/2.1.0/resilience4j-annotations-2.1.0.jar:/Users/vinodkumarm/.m2/repository/io/github/resilience4j/resilience4j-consumer/2.1.0/resilience4j-consumer-2.1.0.jar:/Users/vinodkumarm/.m2/repository/io/github/resilience4j/resilience4j-circularbuffer/2.1.0/resilience4j-circularbuffer-2.1.0.jar:/Users/vinodkumarm/.m2/repository/io/github/resilience4j/resilience4j-framework-common/2.1.0/resilience4j-framework-common-2.1.0.jar:/Users/vinodkumarm/.m2/repository/io/github/resilience4j/resilience4j-micrometer/2.1.0/resilience4j-micrometer-2.1.0.jar:/Users/vinodkumarm/.m2/repository/io/github/resilience4j/resilience4j-circuitbreaker/2.1.0/resilience4j-circuitbreaker-2.1.0.jar:/Users/vinodkumarm/.m2/repository/io/github/resilience4j/resilience4j-core/2.1.0/resilience4j-core-2.1.0.jar:/Users/vinodkumarm/.m2/repository/org/slf4j/slf4j-api/2.0.11/slf4j-api-2.0.11.jar:/Users/vinodkumarm/.m2/repository/io/github/resilience4j/resilience4j-timelimiter/2.1.0/resilience4j-timelimiter-2.1.0.jar:/Users/vinodkumarm/.m2/repository/io/github/resilience4j/resilience4j-reactor/2.1.0/resilience4j-reactor-2.1.0.jar:/Users/vinodkumarm/.m2/repository/io/github/resilience4j/resilience4j-ratelimiter/2.1.0/resilience4j-ratelimiter-2.1.0.jar:/Users/vinodkumarm/.m2/repository/io/github/resilience4j/resilience4j-bulkhead/2.1.0/resilience4j-bulkhead-2.1.0.jar:/Users/vinodkumarm/.m2/repository/io/github/resilience4j/resilience4j-retry/2.1.0/resilience4j-retry-2.1.0.jar:/Users/vinodkumarm/.m2/repository/org/springframework/boot/spring-boot-starter-data-redis-reactive/3.2.2/spring-boot-starter-data-redis-reactive-3.2.2.jar:/Users/vinodkumarm/.m2/repository/io/lettuce/lettuce-core/6.3.1.RELEASE/lettuce-core-6.3.1.RELEASE.jar:/Users/vinodkumarm/.m2/repository/io/netty/netty-common/4.1.105.Final/netty-common-4.1.105.Final.jar:/Users/vinodkumarm/.m2/repository/io/netty/netty-handler/4.1.105.Final/netty-handler-4.1.105.Final.jar:/Users/vinodkumarm/.m2/repository/io/netty/netty-resolver/4.1.105.Final/netty-resolver-4.1.105.Final.jar:/Users/vinodkumarm/.m2/repository/io/netty/netty-buffer/4.1.105.Final/netty-buffer-4.1.105.Final.jar:/Users/vinodkumarm/.m2/repository/io/netty/netty-transport-native-unix-common/4.1.105.Final/netty-transport-native-unix-common-4.1.105.Final.jar:/Users/vinodkumarm/.m2/repository/io/netty/netty-codec/4.1.105.Final/netty-codec-4.1.105.Final.jar:/Users/vinodkumarm/.m2/repository/io/netty/netty-transport/4.1.105.Final/netty-transport-4.1.105.Final.jar:/Users/vinodkumarm/.m2/repository/io/projectreactor/reactor-core/3.6.2/reactor-core-3.6.2.jar:/Users/vinodkumarm/.m2/repository/org/reactivestreams/reactive-streams/1.0.4/reactive-streams-1.0.4.jar:/Users/vinodkumarm/.m2/repository/org/springframework/data/spring-data-redis/3.2.2/spring-data-redis-3.2.2.jar:/Users/vinodkumarm/.m2/repository/org/springframework/data/spring-data-keyvalue/3.2.2/spring-data-keyvalue-3.2.2.jar:/Users/vinodkumarm/.m2/repository/org/springframework/data/spring-data-commons/3.2.2/spring-data-commons-3.2.2.jar:/Users/vinodkumarm/.m2/repository/org/springframework/spring-oxm/6.1.3/spring-oxm-6.1.3.jar:/Users/vinodkumarm/.m2/repository/org/springframework/spring-aop/6.1.3/spring-aop-6.1.3.jar:/Users/vinodkumarm/.m2/repository/org/springframework/spring-context-support/6.1.3/spring-context-support-6.1.3.jar:/Users/vinodkumarm/.m2/repository/it/ozimov/embedded-redis/0.7.2/embedded-redis-0.7.2.jar:/Users/vinodkumarm/.m2/repository/com/google/guava/guava/21.0/guava-21.0.jar:/Users/vinodkumarm/.m2/repository/commons-io/commons-io/2.5/commons-io-2.5.jar:/Users/vinodkumarm/.m2/repository/org/springframework/cloud/spring-cloud-starter-gateway/4.1.0/spring-cloud-starter-gateway-4.1.0.jar:/Users/vinodkumarm/.m2/repository/org/springframework/cloud/spring-cloud-gateway-server/4.1.0/spring-cloud-gateway-server-4.1.0.jar:/Users/vinodkumarm/.m2/repository/org/springframework/boot/spring-boot-starter-validation/3.2.2/spring-boot-starter-validation-3.2.2.jar:/Users/vinodkumarm/.m2/repository/org/apache/tomcat/embed/tomcat-embed-el/10.1.18/tomcat-embed-el-10.1.18.jar:/Users/vinodkumarm/.m2/repository/io/projectreactor/addons/reactor-extra/3.5.1/reactor-extra-3.5.1.jar:/Users/vinodkumarm/.m2/repository/org/springframework/boot/spring-boot-starter-webflux/3.2.2/spring-boot-starter-webflux-3.2.2.jar:/Users/vinodkumarm/.m2/repository/org/springframework/boot/spring-boot-starter-json/3.2.2/spring-boot-starter-json-3.2.2.jar:/Users/vinodkumarm/.m2/repository/com/fasterxml/jackson/datatype/jackson-datatype-jdk8/2.15.3/jackson-datatype-jdk8-2.15.3.jar:/Users/vinodkumarm/.m2/repository/com/fasterxml/jackson/module/jackson-module-parameter-names/2.15.3/jackson-module-parameter-names-2.15.3.jar:/Users/vinodkumarm/.m2/repository/org/springframework/boot/spring-boot-starter-reactor-netty/3.2.2/spring-boot-starter-reactor-netty-3.2.2.jar:/Users/vinodkumarm/.m2/repository/io/projectreactor/netty/reactor-netty-http/1.1.15/reactor-netty-http-1.1.15.jar:/Users/vinodkumarm/.m2/repository/io/netty/netty-codec-http/4.1.105.Final/netty-codec-http-4.1.105.Final.jar:/Users/vinodkumarm/.m2/repository/io/netty/netty-codec-http2/4.1.105.Final/netty-codec-http2-4.1.105.Final.jar:/Users/vinodkumarm/.m2/repository/io/netty/netty-resolver-dns/4.1.105.Final/netty-resolver-dns-4.1.105.Final.jar:/Users/vinodkumarm/.m2/repository/io/netty/netty-codec-dns/4.1.105.Final/netty-codec-dns-4.1.105.Final.jar:/Users/vinodkumarm/.m2/repository/io/netty/netty-resolver-dns-native-macos/4.1.105.Final/netty-resolver-dns-native-macos-4.1.105.Final-osx-x86_64.jar:/Users/vinodkumarm/.m2/repository/io/netty/netty-resolver-dns-classes-macos/4.1.105.Final/netty-resolver-dns-classes-macos-4.1.105.Final.jar:/Users/vinodkumarm/.m2/repository/io/netty/netty-transport-native-epoll/4.1.105.Final/netty-transport-native-epoll-4.1.105.Final-linux-x86_64.jar:/Users/vinodkumarm/.m2/repository/io/netty/netty-transport-classes-epoll/4.1.105.Final/netty-transport-classes-epoll-4.1.105.Final.jar:/Users/vinodkumarm/.m2/repository/io/projectreactor/netty/reactor-netty-core/1.1.15/reactor-netty-core-1.1.15.jar:/Users/vinodkumarm/.m2/repository/io/netty/netty-handler-proxy/4.1.105.Final/netty-handler-proxy-4.1.105.Final.jar:/Users/vinodkumarm/.m2/repository/io/netty/netty-codec-socks/4.1.105.Final/netty-codec-socks-4.1.105.Final.jar:/Users/vinodkumarm/.m2/repository/org/springframework/spring-web/6.1.3/spring-web-6.1.3.jar:/Users/vinodkumarm/.m2/repository/org/springframework/spring-webflux/6.1.3/spring-webflux-6.1.3.jar:/Users/vinodkumarm/.m2/repository/org/springframework/boot/spring-boot-starter/3.2.2/spring-boot-starter-3.2.2.jar:/Users/vinodkumarm/.m2/repository/org/springframework/boot/spring-boot/3.2.2/spring-boot-3.2.2.jar:/Users/vinodkumarm/.m2/repository/org/springframework/boot/spring-boot-autoconfigure/3.2.2/spring-boot-autoconfigure-3.2.2.jar:/Users/vinodkumarm/.m2/repository/org/springframework/boot/spring-boot-starter-logging/3.2.2/spring-boot-starter-logging-3.2.2.jar:/Users/vinodkumarm/.m2/repository/ch/qos/logback/logback-classic/1.4.14/logback-classic-1.4.14.jar:/Users/vinodkumarm/.m2/repository/ch/qos/logback/logback-core/1.4.14/logback-core-1.4.14.jar:/Users/vinodkumarm/.m2/repository/org/apache/logging/log4j/log4j-to-slf4j/2.21.1/log4j-to-slf4j-2.21.1.jar:/Users/vinodkumarm/.m2/repository/org/apache/logging/log4j/log4j-api/2.21.1/log4j-api-2.21.1.jar:/Users/vinodkumarm/.m2/repository/org/slf4j/jul-to-slf4j/2.0.11/jul-to-slf4j-2.0.11.jar:/Users/vinodkumarm/.m2/repository/jakarta/annotation/jakarta.annotation-api/2.1.1/jakarta.annotation-api-2.1.1.jar:/Users/vinodkumarm/.m2/repository/org/springframework/spring-core/6.1.3/spring-core-6.1.3.jar:/Users/vinodkumarm/.m2/repository/org/springframework/spring-jcl/6.1.3/spring-jcl-6.1.3.jar:/Users/vinodkumarm/.m2/repository/org/yaml/snakeyaml/2.2/snakeyaml-2.2.jar:/Users/vinodkumarm/.m2/repository/org/springframework/boot/spring-boot-devtools/3.2.2/spring-boot-devtools-3.2.2.jar:/Users/vinodkumarm/.m2/repository/io/micrometer/micrometer-registry-prometheus/1.12.2/micrometer-registry-prometheus-1.12.2.jar:/Users/vinodkumarm/.m2/repository/io/micrometer/micrometer-core/1.12.2/micrometer-core-1.12.2.jar:/Users/vinodkumarm/.m2/repository/org/hdrhistogram/HdrHistogram/2.1.12/HdrHistogram-2.1.12.jar:/Users/vinodkumarm/.m2/repository/org/latencyutils/LatencyUtils/2.0.3/LatencyUtils-2.0.3.jar:/Users/vinodkumarm/.m2/repository/io/prometheus/simpleclient_common/0.16.0/simpleclient_common-0.16.0.jar:/Users/vinodkumarm/.m2/repository/io/prometheus/simpleclient/0.16.0/simpleclient-0.16.0.jar:/Users/vinodkumarm/.m2/repository/io/prometheus/simpleclient_tracer_otel/0.16.0/simpleclient_tracer_otel-0.16.0.jar:/Users/vinodkumarm/.m2/repository/io/prometheus/simpleclient_tracer_common/0.16.0/simpleclient_tracer_common-0.16.0.jar:/Users/vinodkumarm/.m2/repository/io/prometheus/simpleclient_tracer_otel_agent/0.16.0/simpleclient_tracer_otel_agent-0.16.0.jar:/Users/vinodkumarm/.m2/repository/org/springframework/kafka/spring-kafka/3.1.1/spring-kafka-3.1.1.jar:/Users/vinodkumarm/.m2/repository/org/springframework/spring-context/6.1.3/spring-context-6.1.3.jar:/Users/vinodkumarm/.m2/repository/org/springframework/spring-beans/6.1.3/spring-beans-6.1.3.jar:/Users/vinodkumarm/.m2/repository/org/springframework/spring-expression/6.1.3/spring-expression-6.1.3.jar:/Users/vinodkumarm/.m2/repository/org/springframework/spring-messaging/6.1.3/spring-messaging-6.1.3.jar:/Users/vinodkumarm/.m2/repository/org/springframework/spring-tx/6.1.3/spring-tx-6.1.3.jar:/Users/vinodkumarm/.m2/repository/org/springframework/retry/spring-retry/2.0.5/spring-retry-2.0.5.jar:/Users/vinodkumarm/.m2/repository/org/apache/kafka/kafka-clients/3.6.1/kafka-clients-3.6.1.jar:/Users/vinodkumarm/.m2/repository/com/github/luben/zstd-jni/1.5.5-1/zstd-jni-1.5.5-1.jar:/Users/vinodkumarm/.m2/repository/org/lz4/lz4-java/1.8.0/lz4-java-1.8.0.jar:/Users/vinodkumarm/.m2/repository/org/xerial/snappy/snappy-java/1.1.10.5/snappy-java-1.1.10.5.jar:/Users/vinodkumarm/.m2/repository/com/google/code/findbugs/jsr305/3.0.2/jsr305-3.0.2.jar:/Users/vinodkumarm/.m2/repository/com/fasterxml/jackson/core/jackson-databind/2.15.3/jackson-databind-2.15.3.jar:/Users/vinodkumarm/.m2/repository/com/fasterxml/jackson/core/jackson-annotations/2.15.3/jackson-annotations-2.15.3.jar:/Users/vinodkumarm/.m2/repository/com/fasterxml/jackson/core/jackson-core/2.15.3/jackson-core-2.15.3.jar:/Users/vinodkumarm/.m2/repository/org/projectlombok/lombok/1.18.30/lombok-1.18.30.jar:/Users/vinodkumarm/.m2/repository/org/testcontainers/junit-jupiter/1.19.3/junit-jupiter-1.19.3.jar:/Users/vinodkumarm/.m2/repository/org/testcontainers/testcontainers/1.19.3/testcontainers-1.19.3.jar:/Users/vinodkumarm/.m2/repository/junit/junit/4.13.2/junit-4.13.2.jar:/Users/vinodkumarm/.m2/repository/org/hamcrest/hamcrest-core/2.2/hamcrest-core-2.2.jar:/Users/vinodkumarm/.m2/repository/org/apache/commons/commons-compress/1.24.0/commons-compress-1.24.0.jar:/Users/vinodkumarm/.m2/repository/org/rnorth/duct-tape/duct-tape/1.0.8/duct-tape-1.0.8.jar:/Users/vinodkumarm/.m2/repository/org/jetbrains/annotations/17.0.0/annotations-17.0.0.jar:/Users/vinodkumarm/.m2/repository/com/github/docker-java/docker-java-api/3.3.4/docker-java-api-3.3.4.jar:/Users/vinodkumarm/.m2/repository/com/github/docker-java/docker-java-transport-zerodep/3.3.4/docker-java-transport-zerodep-3.3.4.jar:/Users/vinodkumarm/.m2/repository/com/github/docker-java/docker-java-transport/3.3.4/docker-java-transport-3.3.4.jar:/Users/vinodkumarm/.m2/repository/net/java/dev/jna/jna/5.13.0/jna-5.13.0.jar:/Users/vinodkumarm/.m2/repository/org/awaitility/awaitility/4.2.0/awaitility-4.2.0.jar:/Users/vinodkumarm/.m2/repository/org/hamcrest/hamcrest/2.2/hamcrest-2.2.jar:/Users/vinodkumarm/.m2/repository/org/apache/commons/commons-lang3/3.13.0/commons-lang3-3.13.0.jar:/Users/vinodkumarm/.m2/repository/org/hibernate/validator/hibernate-validator-cdi/8.0.1.Final/hibernate-validator-cdi-8.0.1.Final.jar:/Users/vinodkumarm/.m2/repository/org/hibernate/validator/hibernate-validator/8.0.1.Final/hibernate-validator-8.0.1.Final.jar:/Users/vinodkumarm/.m2/repository/jakarta/validation/jakarta.validation-api/3.0.2/jakarta.validation-api-3.0.2.jar:/Users/vinodkumarm/.m2/repository/org/jboss/logging/jboss-logging/3.5.3.Final/jboss-logging-3.5.3.Final.jar:/Users/vinodkumarm/.m2/repository/com/fasterxml/classmate/1.6.0/classmate-1.6.0.jar:/Users/vinodkumarm/.m2/repository/org/springframework/boot/spring-boot-starter-test/3.2.2/spring-boot-starter-test-3.2.2.jar:/Users/vinodkumarm/.m2/repository/org/springframework/boot/spring-boot-test/3.2.2/spring-boot-test-3.2.2.jar:/Users/vinodkumarm/.m2/repository/org/springframework/boot/spring-boot-test-autoconfigure/3.2.2/spring-boot-test-autoconfigure-3.2.2.jar:/Users/vinodkumarm/.m2/repository/com/jayway/jsonpath/json-path/2.8.0/json-path-2.8.0.jar:/Users/vinodkumarm/.m2/repository/jakarta/xml/bind/jakarta.xml.bind-api/4.0.1/jakarta.xml.bind-api-4.0.1.jar:/Users/vinodkumarm/.m2/repository/jakarta/activation/jakarta.activation-api/2.1.2/jakarta.activation-api-2.1.2.jar:/Users/vinodkumarm/.m2/repository/net/minidev/json-smart/2.5.0/json-smart-2.5.0.jar:/Users/vinodkumarm/.m2/repository/net/minidev/accessors-smart/2.5.0/accessors-smart-2.5.0.jar:/Users/vinodkumarm/.m2/repository/org/ow2/asm/asm/9.3/asm-9.3.jar:/Users/vinodkumarm/.m2/repository/org/assertj/assertj-core/3.24.2/assertj-core-3.24.2.jar:/Users/vinodkumarm/.m2/repository/net/bytebuddy/byte-buddy/1.14.11/byte-buddy-1.14.11.jar:/Users/vinodkumarm/.m2/repository/org/junit/jupiter/junit-jupiter/5.10.1/junit-jupiter-5.10.1.jar:/Users/vinodkumarm/.m2/repository/org/junit/jupiter/junit-jupiter-api/5.10.1/junit-jupiter-api-5.10.1.jar:/Users/vinodkumarm/.m2/repository/org/opentest4j/opentest4j/1.3.0/opentest4j-1.3.0.jar:/Users/vinodkumarm/.m2/repository/org/junit/platform/junit-platform-commons/1.10.1/junit-platform-commons-1.10.1.jar:/Users/vinodkumarm/.m2/repository/org/apiguardian/apiguardian-api/1.1.2/apiguardian-api-1.1.2.jar:/Users/vinodkumarm/.m2/repository/org/junit/jupiter/junit-jupiter-params/5.10.1/junit-jupiter-params-5.10.1.jar:/Users/vinodkumarm/.m2/repository/org/junit/jupiter/junit-jupiter-engine/5.10.1/junit-jupiter-engine-5.10.1.jar:/Users/vinodkumarm/.m2/repository/org/junit/platform/junit-platform-engine/1.10.1/junit-platform-engine-1.10.1.jar:/Users/vinodkumarm/.m2/repository/org/mockito/mockito-core/5.7.0/mockito-core-5.7.0.jar:/Users/vinodkumarm/.m2/repository/net/bytebuddy/byte-buddy-agent/1.14.11/byte-buddy-agent-1.14.11.jar:/Users/vinodkumarm/.m2/repository/org/objenesis/objenesis/3.3/objenesis-3.3.jar:/Users/vinodkumarm/.m2/repository/org/mockito/mockito-junit-jupiter/5.7.0/mockito-junit-jupiter-5.7.0.jar:/Users/vinodkumarm/.m2/repository/org/skyscreamer/jsonassert/1.5.1/jsonassert-1.5.1.jar:/Users/vinodkumarm/.m2/repository/com/vaadin/external/google/android-json/0.0.20131108.vaadin1/android-json-0.0.20131108.vaadin1.jar:/Users/vinodkumarm/.m2/repository/org/springframework/spring-test/6.1.3/spring-test-6.1.3.jar:/Users/vinodkumarm/.m2/repository/org/xmlunit/xmlunit-core/2.9.1/xmlunit-core-2.9.1.jar:/Users/vinodkumarm/.m2/repository/org/springframework/boot/spring-boot-starter-oauth2-resource-server/3.2.2/spring-boot-starter-oauth2-resource-server-3.2.2.jar:/Users/vinodkumarm/.m2/repository/org/springframework/security/spring-security-config/6.2.1/spring-security-config-6.2.1.jar:/Users/vinodkumarm/.m2/repository/org/springframework/security/spring-security-core/6.2.1/spring-security-core-6.2.1.jar:/Users/vinodkumarm/.m2/repository/org/springframework/security/spring-security-crypto/6.2.1/spring-security-crypto-6.2.1.jar:/Users/vinodkumarm/.m2/repository/org/springframework/security/spring-security-oauth2-resource-server/6.2.1/spring-security-oauth2-resource-server-6.2.1.jar:/Users/vinodkumarm/.m2/repository/org/springframework/security/spring-security-oauth2-core/6.2.1/spring-security-oauth2-core-6.2.1.jar:/Users/vinodkumarm/.m2/repository/org/springframework/security/spring-security-web/6.2.1/spring-security-web-6.2.1.jar:/Users/vinodkumarm/.m2/repository/org/springframework/security/spring-security-oauth2-jose/6.2.1/spring-security-oauth2-jose-6.2.1.jar:/Users/vinodkumarm/.m2/repository/com/nimbusds/nimbus-jose-jwt/9.24.4/nimbus-jose-jwt-9.24.4.jar:/Users/vinodkumarm/.m2/repository/com/github/stephenc/jcip/jcip-annotations/1.0-1/jcip-annotations-1.0-1.jar:/Users/vinodkumarm/.m2/repository/org/springframework/boot/spring-boot-starter-oauth2-client/3.2.2/spring-boot-starter-oauth2-client-3.2.2.jar:/Users/vinodkumarm/.m2/repository/org/springframework/security/spring-security-oauth2-client/6.2.1/spring-security-oauth2-client-6.2.1.jar:/Users/vinodkumarm/.m2/repository/com/nimbusds/oauth2-oidc-sdk/9.43.3/oauth2-oidc-sdk-9.43.3.jar:/Users/vinodkumarm/.m2/repository/com/nimbusds/content-type/2.2/content-type-2.2.jar:/Users/vinodkumarm/.m2/repository/com/nimbusds/lang-tag/1.7/lang-tag-1.7.jar:"/>
    <property name="java.vm.vendor" value="Oracle Corporation"/>
    <property name="sun.arch.data.model" value="64"/>
    <property name="java.vendor.url" value="https://java.oracle.com/"/>
    <property name="user.timezone" value="Asia/Kolkata"/>
    <property name="org.jboss.logging.provider" value="slf4j"/>
    <property name="os.name" value="Mac OS X"/>
    <property name="java.vm.specification.version" value="17"/>
    <property name="sun.java.launcher" value="SUN_STANDARD"/>
    <property name="user.country" value="IN"/>
    <property name="sun.boot.library.path" value="/Library/Java/JavaVirtualMachines/jdk-17.jdk/Contents/Home/lib"/>
    <property name="sun.java.command" value="/Users/vinodkumarm/Documents/Technologies/Spring/spring-cloud-concepts/target/surefire/surefirebooter-20240128141758746_3.jar /Users/vinodkumarm/Documents/Technologies/Spring/spring-cloud-concepts/target/surefire 2024-01-28T14-17-58_708-jvmRun1 surefire-20240128141758746_1tmp surefire_0-20240128141758746_2tmp"/>
    <property name="http.nonProxyHosts" value="local|*.local|169.254/16|*.169.254/16"/>
    <property name="jdk.debug" value="release"/>
    <property name="surefire.test.class.path" value="/Users/vinodkumarm/Documents/Technologies/Spring/spring-cloud-concepts/target/test-classes:/Users/vinodkumarm/Documents/Technologies/Spring/spring-cloud-concepts/target/classes:/Users/vinodkumarm/.m2/repository/org/springframework/boot/spring-boot-starter-actuator/3.2.2/spring-boot-starter-actuator-3.2.2.jar:/Users/vinodkumarm/.m2/repository/org/springframework/boot/spring-boot-actuator-autoconfigure/3.2.2/spring-boot-actuator-autoconfigure-3.2.2.jar:/Users/vinodkumarm/.m2/repository/org/springframework/boot/spring-boot-actuator/3.2.2/spring-boot-actuator-3.2.2.jar:/Users/vinodkumarm/.m2/repository/com/fasterxml/jackson/datatype/jackson-datatype-jsr310/2.15.3/jackson-datatype-jsr310-2.15.3.jar:/Users/vinodkumarm/.m2/repository/io/micrometer/micrometer-observation/1.12.2/micrometer-observation-1.12.2.jar:/Users/vinodkumarm/.m2/repository/io/micrometer/micrometer-commons/1.12.2/micrometer-commons-1.12.2.jar:/Users/vinodkumarm/.m2/repository/io/micrometer/micrometer-jakarta9/1.12.2/micrometer-jakarta9-1.12.2.jar:/Users/vinodkumarm/.m2/repository/org/springframework/cloud/spring-cloud-starter-circuitbreaker-reactor-resilience4j/3.1.0/spring-cloud-starter-circuitbreaker-reactor-resilience4j-3.1.0.jar:/Users/vinodkumarm/.m2/repository/org/springframework/cloud/spring-cloud-starter/4.1.0/spring-cloud-starter-4.1.0.jar:/Users/vinodkumarm/.m2/repository/org/springframework/cloud/spring-cloud-context/4.1.0/spring-cloud-context-4.1.0.jar:/Users/vinodkumarm/.m2/repository/org/springframework/cloud/spring-cloud-commons/4.1.0/spring-cloud-commons-4.1.0.jar:/Users/vinodkumarm/.m2/repository/org/springframework/security/spring-security-rsa/1.1.1/spring-security-rsa-1.1.1.jar:/Users/vinodkumarm/.m2/repository/org/bouncycastle/bcprov-jdk18on/1.74/bcprov-jdk18on-1.74.jar:/Users/vinodkumarm/.m2/repository/org/springframework/cloud/spring-cloud-circuitbreaker-resilience4j/3.1.0/spring-cloud-circuitbreaker-resilience4j-3.1.0.jar:/Users/vinodkumarm/.m2/repository/io/github/resilience4j/resilience4j-spring-boot3/2.1.0/resilience4j-spring-boot3-2.1.0.jar:/Users/vinodkumarm/.m2/repository/io/github/resilience4j/resilience4j-spring6/2.1.0/resilience4j-spring6-2.1.0.jar:/Users/vinodkumarm/.m2/repository/io/github/resilience4j/resilience4j-annotations/2.1.0/resilience4j-annotations-2.1.0.jar:/Users/vinodkumarm/.m2/repository/io/github/resilience4j/resilience4j-consumer/2.1.0/resilience4j-consumer-2.1.0.jar:/Users/vinodkumarm/.m2/repository/io/github/resilience4j/resilience4j-circularbuffer/2.1.0/resilience4j-circularbuffer-2.1.0.jar:/Users/vinodkumarm/.m2/repository/io/github/resilience4j/resilience4j-framework-common/2.1.0/resilience4j-framework-common-2.1.0.jar:/Users/vinodkumarm/.m2/repository/io/github/resilience4j/resilience4j-micrometer/2.1.0/resilience4j-micrometer-2.1.0.jar:/Users/vinodkumarm/.m2/repository/io/github/resilience4j/resilience4j-circuitbreaker/2.1.0/resilience4j-circuitbreaker-2.1.0.jar:/Users/vinodkumarm/.m2/repository/io/github/resilience4j/resilience4j-core/2.1.0/resilience4j-core-2.1.0.jar:/Users/vinodkumarm/.m2/repository/org/slf4j/slf4j-api/2.0.11/slf4j-api-2.0.11.jar:/Users/vinodkumarm/.m2/repository/io/github/resilience4j/resilience4j-timelimiter/2.1.0/resilience4j-timelimiter-2.1.0.jar:/Users/vinodkumarm/.m2/repository/io/github/resilience4j/resilience4j-reactor/2.1.0/resilience4j-reactor-2.1.0.jar:/Users/vinodkumarm/.m2/repository/io/github/resilience4j/resilience4j-ratelimiter/2.1.0/resilience4j-ratelimiter-2.1.0.jar:/Users/vinodkumarm/.m2/repository/io/github/resilience4j/resilience4j-bulkhead/2.1.0/resilience4j-bulkhead-2.1.0.jar:/Users/vinodkumarm/.m2/repository/io/github/resilience4j/resilience4j-retry/2.1.0/resilience4j-retry-2.1.0.jar:/Users/vinodkumarm/.m2/repository/org/springframework/boot/spring-boot-starter-data-redis-reactive/3.2.2/spring-boot-starter-data-redis-reactive-3.2.2.jar:/Users/vinodkumarm/.m2/repository/io/lettuce/lettuce-core/6.3.1.RELEASE/lettuce-core-6.3.1.RELEASE.jar:/Users/vinodkumarm/.m2/repository/io/netty/netty-common/4.1.105.Final/netty-common-4.1.105.Final.jar:/Users/vinodkumarm/.m2/repository/io/netty/netty-handler/4.1.105.Final/netty-handler-4.1.105.Final.jar:/Users/vinodkumarm/.m2/repository/io/netty/netty-resolver/4.1.105.Final/netty-resolver-4.1.105.Final.jar:/Users/vinodkumarm/.m2/repository/io/netty/netty-buffer/4.1.105.Final/netty-buffer-4.1.105.Final.jar:/Users/vinodkumarm/.m2/repository/io/netty/netty-transport-native-unix-common/4.1.105.Final/netty-transport-native-unix-common-4.1.105.Final.jar:/Users/vinodkumarm/.m2/repository/io/netty/netty-codec/4.1.105.Final/netty-codec-4.1.105.Final.jar:/Users/vinodkumarm/.m2/repository/io/netty/netty-transport/4.1.105.Final/netty-transport-4.1.105.Final.jar:/Users/vinodkumarm/.m2/repository/io/projectreactor/reactor-core/3.6.2/reactor-core-3.6.2.jar:/Users/vinodkumarm/.m2/repository/org/reactivestreams/reactive-streams/1.0.4/reactive-streams-1.0.4.jar:/Users/vinodkumarm/.m2/repository/org/springframework/data/spring-data-redis/3.2.2/spring-data-redis-3.2.2.jar:/Users/vinodkumarm/.m2/repository/org/springframework/data/spring-data-keyvalue/3.2.2/spring-data-keyvalue-3.2.2.jar:/Users/vinodkumarm/.m2/repository/org/springframework/data/spring-data-commons/3.2.2/spring-data-commons-3.2.2.jar:/Users/vinodkumarm/.m2/repository/org/springframework/spring-oxm/6.1.3/spring-oxm-6.1.3.jar:/Users/vinodkumarm/.m2/repository/org/springframework/spring-aop/6.1.3/spring-aop-6.1.3.jar:/Users/vinodkumarm/.m2/repository/org/springframework/spring-context-support/6.1.3/spring-context-support-6.1.3.jar:/Users/vinodkumarm/.m2/repository/it/ozimov/embedded-redis/0.7.2/embedded-redis-0.7.2.jar:/Users/vinodkumarm/.m2/repository/com/google/guava/guava/21.0/guava-21.0.jar:/Users/vinodkumarm/.m2/repository/commons-io/commons-io/2.5/commons-io-2.5.jar:/Users/vinodkumarm/.m2/repository/org/springframework/cloud/spring-cloud-starter-gateway/4.1.0/spring-cloud-starter-gateway-4.1.0.jar:/Users/vinodkumarm/.m2/repository/org/springframework/cloud/spring-cloud-gateway-server/4.1.0/spring-cloud-gateway-server-4.1.0.jar:/Users/vinodkumarm/.m2/repository/org/springframework/boot/spring-boot-starter-validation/3.2.2/spring-boot-starter-validation-3.2.2.jar:/Users/vinodkumarm/.m2/repository/org/apache/tomcat/embed/tomcat-embed-el/10.1.18/tomcat-embed-el-10.1.18.jar:/Users/vinodkumarm/.m2/repository/io/projectreactor/addons/reactor-extra/3.5.1/reactor-extra-3.5.1.jar:/Users/vinodkumarm/.m2/repository/org/springframework/boot/spring-boot-starter-webflux/3.2.2/spring-boot-starter-webflux-3.2.2.jar:/Users/vinodkumarm/.m2/repository/org/springframework/boot/spring-boot-starter-json/3.2.2/spring-boot-starter-json-3.2.2.jar:/Users/vinodkumarm/.m2/repository/com/fasterxml/jackson/datatype/jackson-datatype-jdk8/2.15.3/jackson-datatype-jdk8-2.15.3.jar:/Users/vinodkumarm/.m2/repository/com/fasterxml/jackson/module/jackson-module-parameter-names/2.15.3/jackson-module-parameter-names-2.15.3.jar:/Users/vinodkumarm/.m2/repository/org/springframework/boot/spring-boot-starter-reactor-netty/3.2.2/spring-boot-starter-reactor-netty-3.2.2.jar:/Users/vinodkumarm/.m2/repository/io/projectreactor/netty/reactor-netty-http/1.1.15/reactor-netty-http-1.1.15.jar:/Users/vinodkumarm/.m2/repository/io/netty/netty-codec-http/4.1.105.Final/netty-codec-http-4.1.105.Final.jar:/Users/vinodkumarm/.m2/repository/io/netty/netty-codec-http2/4.1.105.Final/netty-codec-http2-4.1.105.Final.jar:/Users/vinodkumarm/.m2/repository/io/netty/netty-resolver-dns/4.1.105.Final/netty-resolver-dns-4.1.105.Final.jar:/Users/vinodkumarm/.m2/repository/io/netty/netty-codec-dns/4.1.105.Final/netty-codec-dns-4.1.105.Final.jar:/Users/vinodkumarm/.m2/repository/io/netty/netty-resolver-dns-native-macos/4.1.105.Final/netty-resolver-dns-native-macos-4.1.105.Final-osx-x86_64.jar:/Users/vinodkumarm/.m2/repository/io/netty/netty-resolver-dns-classes-macos/4.1.105.Final/netty-resolver-dns-classes-macos-4.1.105.Final.jar:/Users/vinodkumarm/.m2/repository/io/netty/netty-transport-native-epoll/4.1.105.Final/netty-transport-native-epoll-4.1.105.Final-linux-x86_64.jar:/Users/vinodkumarm/.m2/repository/io/netty/netty-transport-classes-epoll/4.1.105.Final/netty-transport-classes-epoll-4.1.105.Final.jar:/Users/vinodkumarm/.m2/repository/io/projectreactor/netty/reactor-netty-core/1.1.15/reactor-netty-core-1.1.15.jar:/Users/vinodkumarm/.m2/repository/io/netty/netty-handler-proxy/4.1.105.Final/netty-handler-proxy-4.1.105.Final.jar:/Users/vinodkumarm/.m2/repository/io/netty/netty-codec-socks/4.1.105.Final/netty-codec-socks-4.1.105.Final.jar:/Users/vinodkumarm/.m2/repository/org/springframework/spring-web/6.1.3/spring-web-6.1.3.jar:/Users/vinodkumarm/.m2/repository/org/springframework/spring-webflux/6.1.3/spring-webflux-6.1.3.jar:/Users/vinodkumarm/.m2/repository/org/springframework/boot/spring-boot-starter/3.2.2/spring-boot-starter-3.2.2.jar:/Users/vinodkumarm/.m2/repository/org/springframework/boot/spring-boot/3.2.2/spring-boot-3.2.2.jar:/Users/vinodkumarm/.m2/repository/org/springframework/boot/spring-boot-autoconfigure/3.2.2/spring-boot-autoconfigure-3.2.2.jar:/Users/vinodkumarm/.m2/repository/org/springframework/boot/spring-boot-starter-logging/3.2.2/spring-boot-starter-logging-3.2.2.jar:/Users/vinodkumarm/.m2/repository/ch/qos/logback/logback-classic/1.4.14/logback-classic-1.4.14.jar:/Users/vinodkumarm/.m2/repository/ch/qos/logback/logback-core/1.4.14/logback-core-1.4.14.jar:/Users/vinodkumarm/.m2/repository/org/apache/logging/log4j/log4j-to-slf4j/2.21.1/log4j-to-slf4j-2.21.1.jar:/Users/vinodkumarm/.m2/repository/org/apache/logging/log4j/log4j-api/2.21.1/log4j-api-2.21.1.jar:/Users/vinodkumarm/.m2/repository/org/slf4j/jul-to-slf4j/2.0.11/jul-to-slf4j-2.0.11.jar:/Users/vinodkumarm/.m2/repository/jakarta/annotation/jakarta.annotation-api/2.1.1/jakarta.annotation-api-2.1.1.jar:/Users/vinodkumarm/.m2/repository/org/springframework/spring-core/6.1.3/spring-core-6.1.3.jar:/Users/vinodkumarm/.m2/repository/org/springframework/spring-jcl/6.1.3/spring-jcl-6.1.3.jar:/Users/vinodkumarm/.m2/repository/org/yaml/snakeyaml/2.2/snakeyaml-2.2.jar:/Users/vinodkumarm/.m2/repository/org/springframework/boot/spring-boot-devtools/3.2.2/spring-boot-devtools-3.2.2.jar:/Users/vinodkumarm/.m2/repository/io/micrometer/micrometer-registry-prometheus/1.12.2/micrometer-registry-prometheus-1.12.2.jar:/Users/vinodkumarm/.m2/repository/io/micrometer/micrometer-core/1.12.2/micrometer-core-1.12.2.jar:/Users/vinodkumarm/.m2/repository/org/hdrhistogram/HdrHistogram/2.1.12/HdrHistogram-2.1.12.jar:/Users/vinodkumarm/.m2/repository/org/latencyutils/LatencyUtils/2.0.3/LatencyUtils-2.0.3.jar:/Users/vinodkumarm/.m2/repository/io/prometheus/simpleclient_common/0.16.0/simpleclient_common-0.16.0.jar:/Users/vinodkumarm/.m2/repository/io/prometheus/simpleclient/0.16.0/simpleclient-0.16.0.jar:/Users/vinodkumarm/.m2/repository/io/prometheus/simpleclient_tracer_otel/0.16.0/simpleclient_tracer_otel-0.16.0.jar:/Users/vinodkumarm/.m2/repository/io/prometheus/simpleclient_tracer_common/0.16.0/simpleclient_tracer_common-0.16.0.jar:/Users/vinodkumarm/.m2/repository/io/prometheus/simpleclient_tracer_otel_agent/0.16.0/simpleclient_tracer_otel_agent-0.16.0.jar:/Users/vinodkumarm/.m2/repository/org/springframework/kafka/spring-kafka/3.1.1/spring-kafka-3.1.1.jar:/Users/vinodkumarm/.m2/repository/org/springframework/spring-context/6.1.3/spring-context-6.1.3.jar:/Users/vinodkumarm/.m2/repository/org/springframework/spring-beans/6.1.3/spring-beans-6.1.3.jar:/Users/vinodkumarm/.m2/repository/org/springframework/spring-expression/6.1.3/spring-expression-6.1.3.jar:/Users/vinodkumarm/.m2/repository/org/springframework/spring-messaging/6.1.3/spring-messaging-6.1.3.jar:/Users/vinodkumarm/.m2/repository/org/springframework/spring-tx/6.1.3/spring-tx-6.1.3.jar:/Users/vinodkumarm/.m2/repository/org/springframework/retry/spring-retry/2.0.5/spring-retry-2.0.5.jar:/Users/vinodkumarm/.m2/repository/org/apache/kafka/kafka-clients/3.6.1/kafka-clients-3.6.1.jar:/Users/vinodkumarm/.m2/repository/com/github/luben/zstd-jni/1.5.5-1/zstd-jni-1.5.5-1.jar:/Users/vinodkumarm/.m2/repository/org/lz4/lz4-java/1.8.0/lz4-java-1.8.0.jar:/Users/vinodkumarm/.m2/repository/org/xerial/snappy/snappy-java/1.1.10.5/snappy-java-1.1.10.5.jar:/Users/vinodkumarm/.m2/repository/com/google/code/findbugs/jsr305/3.0.2/jsr305-3.0.2.jar:/Users/vinodkumarm/.m2/repository/com/fasterxml/jackson/core/jackson-databind/2.15.3/jackson-databind-2.15.3.jar:/Users/vinodkumarm/.m2/repository/com/fasterxml/jackson/core/jackson-annotations/2.15.3/jackson-annotations-2.15.3.jar:/Users/vinodkumarm/.m2/repository/com/fasterxml/jackson/core/jackson-core/2.15.3/jackson-core-2.15.3.jar:/Users/vinodkumarm/.m2/repository/org/projectlombok/lombok/1.18.30/lombok-1.18.30.jar:/Users/vinodkumarm/.m2/repository/org/testcontainers/junit-jupiter/1.19.3/junit-jupiter-1.19.3.jar:/Users/vinodkumarm/.m2/repository/org/testcontainers/testcontainers/1.19.3/testcontainers-1.19.3.jar:/Users/vinodkumarm/.m2/repository/junit/junit/4.13.2/junit-4.13.2.jar:/Users/vinodkumarm/.m2/repository/org/hamcrest/hamcrest-core/2.2/hamcrest-core-2.2.jar:/Users/vinodkumarm/.m2/repository/org/apache/commons/commons-compress/1.24.0/commons-compress-1.24.0.jar:/Users/vinodkumarm/.m2/repository/org/rnorth/duct-tape/duct-tape/1.0.8/duct-tape-1.0.8.jar:/Users/vinodkumarm/.m2/repository/org/jetbrains/annotations/17.0.0/annotations-17.0.0.jar:/Users/vinodkumarm/.m2/repository/com/github/docker-java/docker-java-api/3.3.4/docker-java-api-3.3.4.jar:/Users/vinodkumarm/.m2/repository/com/github/docker-java/docker-java-transport-zerodep/3.3.4/docker-java-transport-zerodep-3.3.4.jar:/Users/vinodkumarm/.m2/repository/com/github/docker-java/docker-java-transport/3.3.4/docker-java-transport-3.3.4.jar:/Users/vinodkumarm/.m2/repository/net/java/dev/jna/jna/5.13.0/jna-5.13.0.jar:/Users/vinodkumarm/.m2/repository/org/awaitility/awaitility/4.2.0/awaitility-4.2.0.jar:/Users/vinodkumarm/.m2/repository/org/hamcrest/hamcrest/2.2/hamcrest-2.2.jar:/Users/vinodkumarm/.m2/repository/org/apache/commons/commons-lang3/3.13.0/commons-lang3-3.13.0.jar:/Users/vinodkumarm/.m2/repository/org/hibernate/validator/hibernate-validator-cdi/8.0.1.Final/hibernate-validator-cdi-8.0.1.Final.jar:/Users/vinodkumarm/.m2/repository/org/hibernate/validator/hibernate-validator/8.0.1.Final/hibernate-validator-8.0.1.Final.jar:/Users/vinodkumarm/.m2/repository/jakarta/validation/jakarta.validation-api/3.0.2/jakarta.validation-api-3.0.2.jar:/Users/vinodkumarm/.m2/repository/org/jboss/logging/jboss-logging/3.5.3.Final/jboss-logging-3.5.3.Final.jar:/Users/vinodkumarm/.m2/repository/com/fasterxml/classmate/1.6.0/classmate-1.6.0.jar:/Users/vinodkumarm/.m2/repository/org/springframework/boot/spring-boot-starter-test/3.2.2/spring-boot-starter-test-3.2.2.jar:/Users/vinodkumarm/.m2/repository/org/springframework/boot/spring-boot-test/3.2.2/spring-boot-test-3.2.2.jar:/Users/vinodkumarm/.m2/repository/org/springframework/boot/spring-boot-test-autoconfigure/3.2.2/spring-boot-test-autoconfigure-3.2.2.jar:/Users/vinodkumarm/.m2/repository/com/jayway/jsonpath/json-path/2.8.0/json-path-2.8.0.jar:/Users/vinodkumarm/.m2/repository/jakarta/xml/bind/jakarta.xml.bind-api/4.0.1/jakarta.xml.bind-api-4.0.1.jar:/Users/vinodkumarm/.m2/repository/jakarta/activation/jakarta.activation-api/2.1.2/jakarta.activation-api-2.1.2.jar:/Users/vinodkumarm/.m2/repository/net/minidev/json-smart/2.5.0/json-smart-2.5.0.jar:/Users/vinodkumarm/.m2/repository/net/minidev/accessors-smart/2.5.0/accessors-smart-2.5.0.jar:/Users/vinodkumarm/.m2/repository/org/ow2/asm/asm/9.3/asm-9.3.jar:/Users/vinodkumarm/.m2/repository/org/assertj/assertj-core/3.24.2/assertj-core-3.24.2.jar:/Users/vinodkumarm/.m2/repository/net/bytebuddy/byte-buddy/1.14.11/byte-buddy-1.14.11.jar:/Users/vinodkumarm/.m2/repository/org/junit/jupiter/junit-jupiter/5.10.1/junit-jupiter-5.10.1.jar:/Users/vinodkumarm/.m2/repository/org/junit/jupiter/junit-jupiter-api/5.10.1/junit-jupiter-api-5.10.1.jar:/Users/vinodkumarm/.m2/repository/org/opentest4j/opentest4j/1.3.0/opentest4j-1.3.0.jar:/Users/vinodkumarm/.m2/repository/org/junit/platform/junit-platform-commons/1.10.1/junit-platform-commons-1.10.1.jar:/Users/vinodkumarm/.m2/repository/org/apiguardian/apiguardian-api/1.1.2/apiguardian-api-1.1.2.jar:/Users/vinodkumarm/.m2/repository/org/junit/jupiter/junit-jupiter-params/5.10.1/junit-jupiter-params-5.10.1.jar:/Users/vinodkumarm/.m2/repository/org/junit/jupiter/junit-jupiter-engine/5.10.1/junit-jupiter-engine-5.10.1.jar:/Users/vinodkumarm/.m2/repository/org/junit/platform/junit-platform-engine/1.10.1/junit-platform-engine-1.10.1.jar:/Users/vinodkumarm/.m2/repository/org/mockito/mockito-core/5.7.0/mockito-core-5.7.0.jar:/Users/vinodkumarm/.m2/repository/net/bytebuddy/byte-buddy-agent/1.14.11/byte-buddy-agent-1.14.11.jar:/Users/vinodkumarm/.m2/repository/org/objenesis/objenesis/3.3/objenesis-3.3.jar:/Users/vinodkumarm/.m2/repository/org/mockito/mockito-junit-jupiter/5.7.0/mockito-junit-jupiter-5.7.0.jar:/Users/vinodkumarm/.m2/repository/org/skyscreamer/jsonassert/1.5.1/jsonassert-1.5.1.jar:/Users/vinodkumarm/.m2/repository/com/vaadin/external/google/android-json/0.0.20131108.vaadin1/android-json-0.0.20131108.vaadin1.jar:/Users/vinodkumarm/.m2/repository/org/springframework/spring-test/6.1.3/spring-test-6.1.3.jar:/Users/vinodkumarm/.m2/repository/org/xmlunit/xmlunit-core/2.9.1/xmlunit-core-2.9.1.jar:/Users/vinodkumarm/.m2/repository/org/springframework/boot/spring-boot-starter-oauth2-resource-server/3.2.2/spring-boot-starter-oauth2-resource-server-3.2.2.jar:/Users/vinodkumarm/.m2/repository/org/springframework/security/spring-security-config/6.2.1/spring-security-config-6.2.1.jar:/Users/vinodkumarm/.m2/repository/org/springframework/security/spring-security-core/6.2.1/spring-security-core-6.2.1.jar:/Users/vinodkumarm/.m2/repository/org/springframework/security/spring-security-crypto/6.2.1/spring-security-crypto-6.2.1.jar:/Users/vinodkumarm/.m2/repository/org/springframework/security/spring-security-oauth2-resource-server/6.2.1/spring-security-oauth2-resource-server-6.2.1.jar:/Users/vinodkumarm/.m2/repository/org/springframework/security/spring-security-oauth2-core/6.2.1/spring-security-oauth2-core-6.2.1.jar:/Users/vinodkumarm/.m2/repository/org/springframework/security/spring-security-web/6.2.1/spring-security-web-6.2.1.jar:/Users/vinodkumarm/.m2/repository/org/springframework/security/spring-security-oauth2-jose/6.2.1/spring-security-oauth2-jose-6.2.1.jar:/Users/vinodkumarm/.m2/repository/com/nimbusds/nimbus-jose-jwt/9.24.4/nimbus-jose-jwt-9.24.4.jar:/Users/vinodkumarm/.m2/repository/com/github/stephenc/jcip/jcip-annotations/1.0-1/jcip-annotations-1.0-1.jar:/Users/vinodkumarm/.m2/repository/org/springframework/boot/spring-boot-starter-oauth2-client/3.2.2/spring-boot-starter-oauth2-client-3.2.2.jar:/Users/vinodkumarm/.m2/repository/org/springframework/security/spring-security-oauth2-client/6.2.1/spring-security-oauth2-client-6.2.1.jar:/Users/vinodkumarm/.m2/repository/com/nimbusds/oauth2-oidc-sdk/9.43.3/oauth2-oidc-sdk-9.43.3.jar:/Users/vinodkumarm/.m2/repository/com/nimbusds/content-type/2.2/content-type-2.2.jar:/Users/vinodkumarm/.m2/repository/com/nimbusds/lang-tag/1.7/lang-tag-1.7.jar:"/>
    <property name="sun.cpu.endian" value="little"/>
    <property name="user.home" value="/Users/vinodkumarm"/>
    <property name="user.language" value="en"/>
    <property name="java.specification.vendor" value="Oracle Corporation"/>
    <property name="java.version.date" value="2023-07-18"/>
    <property name="java.home" value="/Library/Java/JavaVirtualMachines/jdk-17.jdk/Contents/Home"/>
    <property name="file.separator" value="/"/>
    <property name="basedir" value="/Users/vinodkumarm/Documents/Technologies/Spring/spring-cloud-concepts"/>
    <property name="java.vm.compressedOopsMode" value="Zero based"/>
    <property name="line.separator" value="&#10;"/>
    <property name="java.vm.specification.vendor" value="Oracle Corporation"/>
    <property name="java.specification.name" value="Java Platform API Specification"/>
    <property name="FILE_LOG_CHARSET" value="UTF-8"/>
    <property name="java.awt.headless" value="true"/>
    <property name="surefire.real.class.path" value="/Users/vinodkumarm/Documents/Technologies/Spring/spring-cloud-concepts/target/surefire/surefirebooter-20240128141758746_3.jar"/>
    <property name="sun.management.compiler" value="HotSpot 64-Bit Tiered Compilers"/>
    <property name="ftp.nonProxyHosts" value="local|*.local|169.254/16|*.169.254/16"/>
    <property name="java.runtime.version" value="17.0.8+9-LTS-211"/>
    <property name="user.name" value="vinodkumarm"/>
    <property name="path.separator" value=":"/>
    <property name="os.version" value="14.0"/>
    <property name="java.runtime.name" value="Java(TM) SE Runtime Environment"/>
    <property name="file.encoding" value="UTF-8"/>
    <property name="java.vm.name" value="Java HotSpot(TM) 64-Bit Server VM"/>
    <property name="localRepository" value="/Users/vinodkumarm/.m2/repository"/>
    <property name="java.vendor.url.bug" value="https://bugreport.java.com/bugreport/"/>
    <property name="java.io.tmpdir" value="/var/folders/39/07hq2pkx13j9bnvqfhnf7k0r0000gn/T/"/>
    <property name="java.version" value="17.0.8"/>
    <property name="user.dir" value="/Users/vinodkumarm/Documents/Technologies/Spring/spring-cloud-concepts"/>
    <property name="os.arch" value="aarch64"/>
    <property name="java.vm.specification.name" value="Java Virtual Machine Specification"/>
    <property name="PID" value="50762"/>
    <property name="CONSOLE_LOG_CHARSET" value="UTF-8"/>
    <property name="native.encoding" value="UTF-8"/>
    <property name="java.library.path" value="/Users/vinodkumarm/Library/Java/Extensions:/Library/Java/Extensions:/Network/Library/Java/Extensions:/System/Library/Java/Extensions:/usr/lib/java:."/>
    <property name="java.vm.info" value="mixed mode, sharing"/>
    <property name="java.vendor" value="Oracle Corporation"/>
    <property name="java.vm.version" value="17.0.8+9-LTS-211"/>
    <property name="sun.io.unicode.encoding" value="UnicodeBig"/>
    <property name="socksNonProxyHosts" value="local|*.local|169.254/16|*.169.254/16"/>
    <property name="java.class.version" value="61.0"/>
  </properties>
  <testcase name="whenCallGetThroughGateway_thenAllHTTPRequestHeadersParametersAreSet" classname="com.baeldung.springcloudgateway.webfilters.WebFilterFactoriesLiveTest" time="0.1">
    <failure message="&#10;expected: 200 OK&#10; but was: 401 UNAUTHORIZED" type="org.opentest4j.AssertionFailedError"><![CDATA[org.opentest4j.AssertionFailedError: 

expected: 200 OK
 but was: 401 UNAUTHORIZED
	at java.base/jdk.internal.reflect.NativeConstructorAccessorImpl.newInstance0(Native Method)
	at java.base/jdk.internal.reflect.NativeConstructorAccessorImpl.newInstance(NativeConstructorAccessorImpl.java:77)
	at java.base/jdk.internal.reflect.DelegatingConstructorAccessorImpl.newInstance(DelegatingConstructorAccessorImpl.java:45)
	at java.base/java.lang.reflect.Constructor.newInstanceWithCaller(Constructor.java:499)
	at com.baeldung.springcloudgateway.webfilters.WebFilterFactoriesLiveTest.whenCallGetThroughGateway_thenAllHTTPRequestHeadersParametersAreSet(WebFilterFactoriesLiveTest.java:43)
	at java.base/java.lang.reflect.Method.invoke(Method.java:568)
	at java.base/java.util.ArrayList.forEach(ArrayList.java:1511)
	at java.base/java.util.ArrayList.forEach(ArrayList.java:1511)
]]></failure>
    <system-out><![CDATA[14:18:01.214 [main] INFO  o.s.t.c.s.AnnotationConfigContextLoaderUtils - Could not detect default configuration classes for test class [com.baeldung.springcloudgateway.webfilters.WebFilterFactoriesLiveTest]: WebFilterFactoriesLiveTest does not declare any static, non-private, non-final, nested classes annotated with @Configuration.
14:18:01.218 [main] INFO  o.s.b.t.c.SpringBootTestContextBootstrapper - Found @SpringBootConfiguration com.baeldung.springcloudgateway.webfilters.WebFilterGatewayApplication for test class com.baeldung.springcloudgateway.webfilters.WebFilterFactoriesLiveTest
14:18:01.219 [main] INFO  o.s.b.d.r.RestartApplicationListener - Restart disabled due to context in which it is running

  .   ____          _            __ _ _
 /\\ / ___'_ __ _ _(_)_ __  __ _ \ \ \ \
( ( )\___ | '_ | '_| | '_ \/ _` | \ \ \ \
 \\/  ___)| |_)| | | | | || (_| |  ) ) ) )
  '  |____| .__|_| |_|_| |_\__, | / / / /
 =========|_|==============|___/=/_/_/_/
 :: Spring Boot ::                (v3.2.2)

14:18:01.240 [main] INFO  c.b.s.w.WebFilterFactoriesLiveTest - Starting WebFilterFactoriesLiveTest using Java 17.0.8 with PID 50762 (started by vinodkumarm in /Users/vinodkumarm/Documents/Technologies/Spring/spring-cloud-concepts)
14:18:01.240 [main] INFO  c.b.s.w.WebFilterFactoriesLiveTest - The following 1 profile is active: "webfilters"
14:18:01.355 [main] INFO  o.s.d.r.c.RepositoryConfigurationDelegate - Multiple Spring Data modules found, entering strict repository configuration mode
14:18:01.355 [main] INFO  o.s.d.r.c.RepositoryConfigurationDelegate - Bootstrapping Spring Data Redis repositories in DEFAULT mode.
14:18:01.356 [main] INFO  o.s.d.r.c.RepositoryConfigurationDelegate - Finished Spring Data repository scanning in 1 ms. Found 0 Redis repository interfaces.
14:18:01.375 [main] INFO  o.s.cloud.context.scope.GenericScope - BeanFactory id=ea3f6056-1487-3325-8c84-2afee6a341ee
14:18:01.451 [main] DEBUG o.s.c.g.config.GatewayProperties - Routes supplied from Gateway Properties: [RouteDefinition{id='request_header_route', predicates=[PredicateDefinition{name='Path', args={_genkey_0=/get/**}}], filters=[FilterDefinition{name='AddRequestHeader', args={_genkey_0=My-Header-Good, _genkey_1=Good}}, FilterDefinition{name='AddRequestHeader', args={_genkey_0=My-Header-Remove, _genkey_1=Remove}}, FilterDefinition{name='AddRequestParameter', args={_genkey_0=var, _genkey_1=good}}, FilterDefinition{name='AddRequestParameter', args={_genkey_0=var2, _genkey_1=remove}}, FilterDefinition{name='MapRequestHeader', args={_genkey_0=My-Header-Good, _genkey_1=My-Header-Bad}}, FilterDefinition{name='MapRequestHeader', args={_genkey_0=My-Header-Set, _genkey_1=My-Header-Bad}}, FilterDefinition{name='SetRequestHeader', args={_genkey_0=My-Header-Set, _genkey_1=Set}}, FilterDefinition{name='RemoveRequestHeader', args={_genkey_0=My-Header-Remove}}, FilterDefinition{name='RemoveRequestParameter', args={_genkey_0=var2}}, FilterDefinition{name='PreserveHostHeader', args={}}], uri=https://httpbin.org, order=0, metadata={}}, RouteDefinition{id='response_header_route', predicates=[PredicateDefinition{name='Path', args={_genkey_0=/header/post/**}}], filters=[FilterDefinition{name='AddResponseHeader', args={_genkey_0=My-Header-Good, _genkey_1=Good}}, FilterDefinition{name='AddResponseHeader', args={_genkey_0=My-Header-Set, _genkey_1=Good}}, FilterDefinition{name='AddResponseHeader', args={_genkey_0=My-Header-Rewrite, _genkey_1=password=12345678}}, FilterDefinition{name='DedupeResponseHeader', args={_genkey_0=Access-Control-Allow-Credentials Access-Control-Allow-Origin}}, FilterDefinition{name='AddResponseHeader', args={_genkey_0=My-Header-Remove, _genkey_1=Remove}}, FilterDefinition{name='SetResponseHeader', args={_genkey_0=My-Header-Set, _genkey_1=Set}}, FilterDefinition{name='RemoveResponseHeader', args={_genkey_0=My-Header-Remove}}, FilterDefinition{name='RewriteResponseHeader', args={_genkey_0=My-Header-Rewrite, _genkey_1=password=[^&]+, _genkey_2=password=***}}, FilterDefinition{name='RewriteLocationResponseHeader', args={_genkey_0=AS_IN_REQUEST, _genkey_1=Location}}, FilterDefinition{name='StripPrefix', args={_genkey_0=1}}], uri=https://httpbin.org, order=0, metadata={}}, RouteDefinition{id='path_route', predicates=[PredicateDefinition{name='Path', args={_genkey_0=/new/post/**}}], filters=[FilterDefinition{name='RewritePath', args={_genkey_0=/new(?<segment>/?.*), _genkey_1=$\{segment}}}, FilterDefinition{name='SetPath', args={_genkey_0=/post}}], uri=https://httpbin.org, order=0, metadata={}}, RouteDefinition{id='redirect_route', predicates=[PredicateDefinition{name='Path', args={_genkey_0=/fake/post/**}}], filters=[FilterDefinition{name='RedirectTo', args={_genkey_0=302, _genkey_1=https://httpbin.org}}], uri=https://httpbin.org, order=0, metadata={}}, RouteDefinition{id='status_route', predicates=[PredicateDefinition{name='Path', args={_genkey_0=/delete/**}}], filters=[FilterDefinition{name='SetStatus', args={_genkey_0=401}}], uri=https://httpbin.org, order=0, metadata={}}, RouteDefinition{id='size_route', predicates=[PredicateDefinition{name='Path', args={_genkey_0=/anything}}], filters=[FilterDefinition{name='RequestSize', args={maxSize=5000000}}], uri=https://httpbin.org, order=0, metadata={}}, RouteDefinition{id='retry_test', predicates=[PredicateDefinition{name='Path', args={_genkey_0=/status/502}}], filters=[FilterDefinition{name='Retry', args={retries=3, statuses=BAD_GATEWAY, methods=GET,POST, backoff.firstBackoff=10ms, backoff.maxBackoff=50ms, backoff.factor=2, backoff.basedOnPreviousValue=false}}], uri=https://httpbin.org, order=0, metadata={}}, RouteDefinition{id='request_rate_limiter', predicates=[PredicateDefinition{name='Path', args={_genkey_0=/redis/get/**}}], filters=[FilterDefinition{name='StripPrefix', args={_genkey_0=1}}, FilterDefinition{name='RequestRateLimiter', args={redis-rate-limiter.replenishRate=10, redis-rate-limiter.burstCapacity=5, key-resolver=#{@userKeyResolver}}}], uri=https://httpbin.org, order=0, metadata={}}]
14:18:01.464 [main] INFO  o.s.c.g.r.RouteDefinitionRouteLocator - Loaded RoutePredicateFactory [After]
14:18:01.464 [main] INFO  o.s.c.g.r.RouteDefinitionRouteLocator - Loaded RoutePredicateFactory [Before]
14:18:01.464 [main] INFO  o.s.c.g.r.RouteDefinitionRouteLocator - Loaded RoutePredicateFactory [Between]
14:18:01.464 [main] INFO  o.s.c.g.r.RouteDefinitionRouteLocator - Loaded RoutePredicateFactory [Cookie]
14:18:01.464 [main] INFO  o.s.c.g.r.RouteDefinitionRouteLocator - Loaded RoutePredicateFactory [Header]
14:18:01.464 [main] INFO  o.s.c.g.r.RouteDefinitionRouteLocator - Loaded RoutePredicateFactory [Host]
14:18:01.464 [main] INFO  o.s.c.g.r.RouteDefinitionRouteLocator - Loaded RoutePredicateFactory [Method]
14:18:01.464 [main] INFO  o.s.c.g.r.RouteDefinitionRouteLocator - Loaded RoutePredicateFactory [Path]
14:18:01.464 [main] INFO  o.s.c.g.r.RouteDefinitionRouteLocator - Loaded RoutePredicateFactory [Query]
14:18:01.464 [main] INFO  o.s.c.g.r.RouteDefinitionRouteLocator - Loaded RoutePredicateFactory [ReadBody]
14:18:01.464 [main] INFO  o.s.c.g.r.RouteDefinitionRouteLocator - Loaded RoutePredicateFactory [RemoteAddr]
14:18:01.464 [main] INFO  o.s.c.g.r.RouteDefinitionRouteLocator - Loaded RoutePredicateFactory [XForwardedRemoteAddr]
14:18:01.464 [main] INFO  o.s.c.g.r.RouteDefinitionRouteLocator - Loaded RoutePredicateFactory [Weight]
14:18:01.464 [main] INFO  o.s.c.g.r.RouteDefinitionRouteLocator - Loaded RoutePredicateFactory [CloudFoundryRouteService]
14:18:01.486 [main] INFO  o.s.b.a.e.web.EndpointLinksResolver - Exposing 1 endpoint(s) beneath base path '/actuator'
14:18:01.567 [main] INFO  o.s.b.w.e.netty.NettyWebServer - Netty started on port 62394
14:18:01.576 [main] DEBUG o.s.c.g.r.RouteDefinitionRouteLocator - RouteDefinition request_header_route applying {_genkey_0=/get/**} to Path
14:18:01.580 [main] DEBUG o.s.c.g.r.RouteDefinitionRouteLocator - RouteDefinition request_header_route applying filter {_genkey_0=My-Header-Good, _genkey_1=Good} to AddRequestHeader
14:18:01.583 [main] DEBUG o.s.c.g.r.RouteDefinitionRouteLocator - RouteDefinition request_header_route applying filter {_genkey_0=My-Header-Remove, _genkey_1=Remove} to AddRequestHeader
14:18:01.584 [main] DEBUG o.s.c.g.r.RouteDefinitionRouteLocator - RouteDefinition request_header_route applying filter {_genkey_0=var, _genkey_1=good} to AddRequestParameter
14:18:01.584 [main] DEBUG o.s.c.g.r.RouteDefinitionRouteLocator - RouteDefinition request_header_route applying filter {_genkey_0=var2, _genkey_1=remove} to AddRequestParameter
14:18:01.584 [main] DEBUG o.s.c.g.r.RouteDefinitionRouteLocator - RouteDefinition request_header_route applying filter {_genkey_0=My-Header-Good, _genkey_1=My-Header-Bad} to MapRequestHeader
14:18:01.585 [main] DEBUG o.s.c.g.r.RouteDefinitionRouteLocator - RouteDefinition request_header_route applying filter {_genkey_0=My-Header-Set, _genkey_1=My-Header-Bad} to MapRequestHeader
14:18:01.585 [main] DEBUG o.s.c.g.r.RouteDefinitionRouteLocator - RouteDefinition request_header_route applying filter {_genkey_0=My-Header-Set, _genkey_1=Set} to SetRequestHeader
14:18:01.586 [main] DEBUG o.s.c.g.r.RouteDefinitionRouteLocator - RouteDefinition request_header_route applying filter {_genkey_0=My-Header-Remove} to RemoveRequestHeader
14:18:01.586 [main] DEBUG o.s.c.g.r.RouteDefinitionRouteLocator - RouteDefinition request_header_route applying filter {_genkey_0=var2} to RemoveRequestParameter
14:18:01.587 [main] DEBUG o.s.c.g.r.RouteDefinitionRouteLocator - RouteDefinition request_header_route applying filter {} to PreserveHostHeader
14:18:01.587 [main] DEBUG o.s.c.g.r.RouteDefinitionRouteLocator - RouteDefinition matched: request_header_route
14:18:01.587 [main] DEBUG o.s.c.g.r.RouteDefinitionRouteLocator - RouteDefinition response_header_route applying {_genkey_0=/header/post/**} to Path
14:18:01.588 [main] DEBUG o.s.c.g.r.RouteDefinitionRouteLocator - RouteDefinition response_header_route applying filter {_genkey_0=My-Header-Good, _genkey_1=Good} to AddResponseHeader
14:18:01.588 [main] DEBUG o.s.c.g.r.RouteDefinitionRouteLocator - RouteDefinition response_header_route applying filter {_genkey_0=My-Header-Set, _genkey_1=Good} to AddResponseHeader
14:18:01.588 [main] DEBUG o.s.c.g.r.RouteDefinitionRouteLocator - RouteDefinition response_header_route applying filter {_genkey_0=My-Header-Rewrite, _genkey_1=password=12345678} to AddResponseHeader
14:18:01.588 [main] DEBUG o.s.c.g.r.RouteDefinitionRouteLocator - RouteDefinition response_header_route applying filter {_genkey_0=Access-Control-Allow-Credentials Access-Control-Allow-Origin} to DedupeResponseHeader
14:18:01.589 [main] DEBUG o.s.c.g.r.RouteDefinitionRouteLocator - RouteDefinition response_header_route applying filter {_genkey_0=My-Header-Remove, _genkey_1=Remove} to AddResponseHeader
14:18:01.589 [main] DEBUG o.s.c.g.r.RouteDefinitionRouteLocator - RouteDefinition response_header_route applying filter {_genkey_0=My-Header-Set, _genkey_1=Set} to SetResponseHeader
14:18:01.590 [main] DEBUG o.s.c.g.r.RouteDefinitionRouteLocator - RouteDefinition response_header_route applying filter {_genkey_0=My-Header-Remove} to RemoveResponseHeader
14:18:01.590 [main] DEBUG o.s.c.g.r.RouteDefinitionRouteLocator - RouteDefinition response_header_route applying filter {_genkey_0=My-Header-Rewrite, _genkey_1=password=[^&]+, _genkey_2=password=***} to RewriteResponseHeader
14:18:01.591 [main] DEBUG o.s.c.g.r.RouteDefinitionRouteLocator - RouteDefinition response_header_route applying filter {_genkey_0=AS_IN_REQUEST, _genkey_1=Location} to RewriteLocationResponseHeader
14:18:01.592 [main] DEBUG o.s.c.g.r.RouteDefinitionRouteLocator - RouteDefinition response_header_route applying filter {_genkey_0=1} to StripPrefix
14:18:01.593 [main] DEBUG o.s.c.g.r.RouteDefinitionRouteLocator - RouteDefinition matched: response_header_route
14:18:01.593 [main] DEBUG o.s.c.g.r.RouteDefinitionRouteLocator - RouteDefinition path_route applying {_genkey_0=/new/post/**} to Path
14:18:01.594 [main] DEBUG o.s.c.g.r.RouteDefinitionRouteLocator - RouteDefinition path_route applying filter {_genkey_0=/new(?<segment>/?.*), _genkey_1=$\{segment}} to RewritePath
14:18:01.594 [main] DEBUG o.s.c.g.r.RouteDefinitionRouteLocator - RouteDefinition path_route applying filter {_genkey_0=/post} to SetPath
14:18:01.595 [main] DEBUG o.s.c.g.r.RouteDefinitionRouteLocator - RouteDefinition matched: path_route
14:18:01.595 [main] DEBUG o.s.c.g.r.RouteDefinitionRouteLocator - RouteDefinition redirect_route applying {_genkey_0=/fake/post/**} to Path
14:18:01.596 [main] DEBUG o.s.c.g.r.RouteDefinitionRouteLocator - RouteDefinition redirect_route applying filter {_genkey_0=302, _genkey_1=https://httpbin.org} to RedirectTo
14:18:01.596 [main] DEBUG o.s.c.g.r.RouteDefinitionRouteLocator - RouteDefinition matched: redirect_route
14:18:01.596 [main] DEBUG o.s.c.g.r.RouteDefinitionRouteLocator - RouteDefinition status_route applying {_genkey_0=/delete/**} to Path
14:18:01.596 [main] DEBUG o.s.c.g.r.RouteDefinitionRouteLocator - RouteDefinition status_route applying filter {_genkey_0=401} to SetStatus
14:18:01.597 [main] DEBUG o.s.c.g.r.RouteDefinitionRouteLocator - RouteDefinition matched: status_route
14:18:01.597 [main] DEBUG o.s.c.g.r.RouteDefinitionRouteLocator - RouteDefinition size_route applying {_genkey_0=/anything} to Path
14:18:01.597 [main] DEBUG o.s.c.g.r.RouteDefinitionRouteLocator - RouteDefinition size_route applying filter {maxSize=5000000} to RequestSize
14:18:01.599 [main] DEBUG o.s.c.g.r.RouteDefinitionRouteLocator - RouteDefinition matched: size_route
14:18:01.599 [main] DEBUG o.s.c.g.r.RouteDefinitionRouteLocator - RouteDefinition retry_test applying {_genkey_0=/status/502} to Path
14:18:01.599 [main] DEBUG o.s.c.g.r.RouteDefinitionRouteLocator - RouteDefinition retry_test applying filter {retries=3, statuses=BAD_GATEWAY, methods=GET,POST, backoff.firstBackoff=10ms, backoff.maxBackoff=50ms, backoff.factor=2, backoff.basedOnPreviousValue=false} to Retry
14:18:01.606 [main] DEBUG o.s.c.g.r.RouteDefinitionRouteLocator - RouteDefinition matched: retry_test
14:18:01.606 [main] DEBUG o.s.c.g.r.RouteDefinitionRouteLocator - RouteDefinition request_rate_limiter applying {_genkey_0=/redis/get/**} to Path
14:18:01.607 [main] DEBUG o.s.c.g.r.RouteDefinitionRouteLocator - RouteDefinition request_rate_limiter applying filter {_genkey_0=1} to StripPrefix
14:18:01.607 [main] DEBUG o.s.c.g.r.RouteDefinitionRouteLocator - RouteDefinition request_rate_limiter applying filter {redis-rate-limiter.replenishRate=10, redis-rate-limiter.burstCapacity=5, key-resolver=#{@userKeyResolver}} to RequestRateLimiter
14:18:01.618 [main] DEBUG o.s.c.g.r.RouteDefinitionRouteLocator - RouteDefinition matched: request_rate_limiter
14:18:01.618 [main] DEBUG o.s.c.g.filter.GatewayMetricsFilter - New routes count: 8
14:18:01.619 [main] INFO  c.b.s.w.WebFilterFactoriesLiveTest - Started WebFilterFactoriesLiveTest in 0.4 seconds (process running for 2.83)
]]></system-out>
  </testcase>
  <testcase name="whenCallHeaderPostThroughGateway_thenAllHTTPResponseHeadersAreSet" classname="com.baeldung.springcloudgateway.webfilters.WebFilterFactoriesLiveTest" time="0.053">
    <failure message="Status expected:&lt;200 OK&gt; but was:&lt;403 FORBIDDEN&gt;" type="java.lang.AssertionError"><![CDATA[java.lang.AssertionError: Status expected:<200 OK> but was:<403 FORBIDDEN>
	at org.springframework.test.util.AssertionErrors.fail(AssertionErrors.java:59)
	at org.springframework.test.util.AssertionErrors.assertEquals(AssertionErrors.java:122)
	at org.springframework.test.web.reactive.server.StatusAssertions.lambda$assertStatusAndReturn$4(StatusAssertions.java:236)
	at org.springframework.test.web.reactive.server.ExchangeResult.assertWithDiagnostics(ExchangeResult.java:222)
	at org.springframework.test.web.reactive.server.StatusAssertions.assertStatusAndReturn(StatusAssertions.java:236)
	at org.springframework.test.web.reactive.server.StatusAssertions.isOk(StatusAssertions.java:68)
	at com.baeldung.springcloudgateway.webfilters.WebFilterFactoriesLiveTest.whenCallHeaderPostThroughGateway_thenAllHTTPResponseHeadersAreSet(WebFilterFactoriesLiveTest.java:59)
	at java.base/java.lang.reflect.Method.invoke(Method.java:568)
	at java.base/java.util.ArrayList.forEach(ArrayList.java:1511)
	at java.base/java.util.ArrayList.forEach(ArrayList.java:1511)
]]></failure>
    <system-out><![CDATA[14:18:01.762 [reactor-http-nio-4] DEBUG r.n.http.client.HttpClientConnect - [97dcc58d-1, L:/127.0.0.1:62396 - R:localhost/127.0.0.1:62394] Handler is being applied: {uri=http://localhost:62394/header/post, method=POST}
14:18:01.773 [reactor-http-nio-4] DEBUG r.n.http.client.HttpClientOperations - [97dcc58d-1, L:/127.0.0.1:62396 - R:localhost/127.0.0.1:62394] Received response (auto-read:false) : RESPONSE(decodeResult: success, version: HTTP/1.1)
HTTP/1.1 403 Forbidden
Content-Type: <filtered>
Cache-Control: <filtered>
Pragma: <filtered>
Expires: <filtered>
X-Content-Type-Options: <filtered>
X-Frame-Options: <filtered>
X-XSS-Protection: <filtered>
Referrer-Policy: <filtered>
content-length: <filtered>
14:18:01.777 [reactor-http-nio-4] DEBUG r.n.http.client.HttpClientOperations - [97dcc58d-1, L:/127.0.0.1:62396 - R:localhost/127.0.0.1:62394] Received last HTTP packet
14:18:01.781 [main] ERROR o.s.t.w.r.server.ExchangeResult - Request details for assertion failure:

> POST http://localhost:62394/header/post
> accept-encoding: [gzip]
> user-agent: [ReactorNetty/1.1.15]
> host: [localhost:62394]
> accept: [*/*]
> transfer-encoding: [chunked]
> WebTestClient-Request-Id: [1]

No content

< 403 FORBIDDEN Forbidden
< Content-Type: [text/plain]
< Cache-Control: [no-cache, no-store, max-age=0, must-revalidate]
< Pragma: [no-cache]
< Expires: [0]
< X-Content-Type-Options: [nosniff]
< X-Frame-Options: [DENY]
< X-XSS-Protection: [0]
< Referrer-Policy: [no-referrer]
< content-length: [38]

An expected CSRF token cannot be found

]]></system-out>
  </testcase>
</testsuite>